Performing C++ SOURCE FILE Test CMAKE_HAVE_LIBC_PTHREAD failed with the following output:
Change Dir: /home/yunus/Projects/terraqtt/build/CMakeFiles/CMakeTmp

Run Build Command(s):/usr/bin/make cmTC_50a47/fast && /usr/bin/make -f CMakeFiles/cmTC_50a47.dir/build.make CMakeFiles/cmTC_50a47.dir/build
make[1]: Entering directory '/home/yunus/Projects/terraqtt/build/CMakeFiles/CMakeTmp'
Building CXX object CMakeFiles/cmTC_50a47.dir/src.cxx.o
/bin/clang++-11    -DCMAKE_HAVE_LIBC_PTHREAD   -o CMakeFiles/cmTC_50a47.dir/src.cxx.o -c /home/yunus/Projects/terraqtt/build/CMakeFiles/CMakeTmp/src.cxx
Linking CXX executable cmTC_50a47
/usr/bin/cmake -E cmake_link_script CMakeFiles/cmTC_50a47.dir/link.txt --verbose=1
/bin/clang++-11   -DCMAKE_HAVE_LIBC_PTHREAD    -rdynamic CMakeFiles/cmTC_50a47.dir/src.cxx.o  -o cmTC_50a47 
/bin/ld: CMakeFiles/cmTC_50a47.dir/src.cxx.o: in function `main':
src.cxx:(.text+0x35): undefined reference to `pthread_create'
/bin/ld: src.cxx:(.text+0x41): undefined reference to `pthread_detach'
/bin/ld: src.cxx:(.text+0x53): undefined reference to `pthread_join'
clang: error: linker command failed with exit code 1 (use -v to see invocation)
make[1]: *** [CMakeFiles/cmTC_50a47.dir/build.make:87: cmTC_50a47] Error 1
make[1]: Leaving directory '/home/yunus/Projects/terraqtt/build/CMakeFiles/CMakeTmp'
make: *** [Makefile:121: cmTC_50a47/fast] Error 2


Source file was:
#include <pthread.h>

void* test_func(void* data)
{
  return data;
}

int main(void)
{
  pthread_t thread;
  pthread_create(&thread, NULL, test_func, NULL);
  pthread_detach(thread);
  pthread_join(thread, NULL);
  pthread_atfork(NULL, NULL, NULL);
  pthread_exit(NULL);

  return 0;
}

Determining if the function pthread_create exists in the pthreads failed with the following output:
Change Dir: /home/yunus/Projects/terraqtt/build/CMakeFiles/CMakeTmp

Run Build Command(s):/usr/bin/make cmTC_019db/fast && /usr/bin/make -f CMakeFiles/cmTC_019db.dir/build.make CMakeFiles/cmTC_019db.dir/build
make[1]: Entering directory '/home/yunus/Projects/terraqtt/build/CMakeFiles/CMakeTmp'
Building CXX object CMakeFiles/cmTC_019db.dir/CheckFunctionExists.cxx.o
/bin/clang++-11    -DCHECK_FUNCTION_EXISTS=pthread_create   -o CMakeFiles/cmTC_019db.dir/CheckFunctionExists.cxx.o -c /home/yunus/Projects/terraqtt/build/CMakeFiles/CheckLibraryExists/CheckFunctionExists.cxx
Linking CXX executable cmTC_019db
/usr/bin/cmake -E cmake_link_script CMakeFiles/cmTC_019db.dir/link.txt --verbose=1
/bin/clang++-11   -DCHECK_FUNCTION_EXISTS=pthread_create    -rdynamic CMakeFiles/cmTC_019db.dir/CheckFunctionExists.cxx.o  -o cmTC_019db  -lpthreads 
/bin/ld: cannot find -lpthreads
clang: error: linker command failed with exit code 1 (use -v to see invocation)
make[1]: *** [CMakeFiles/cmTC_019db.dir/build.make:87: cmTC_019db] Error 1
make[1]: Leaving directory '/home/yunus/Projects/terraqtt/build/CMakeFiles/CMakeTmp'
make: *** [Makefile:121: cmTC_019db/fast] Error 2



